Arguments: 
  /home/emad/.local/opt/node-v14.13.0/bin/node /usr/share/yarn/bin/yarn.js add @bit/emadadel999.mycollection.auth-form

PATH: 
  /home/emad/.local/opt/node/bin:/home/emad/.local/bin:/home/emad/.local/bin:/usr/local/sbin:/usr/local/bin:/usr/sbin:/usr/bin:/sbin:/bin:/usr/games:/usr/local/games:/snap/bin

Yarn version: 
  1.22.5

Node version: 
  14.13.0

Platform: 
  linux x64

Trace: 
  Error: https://registry.npmjs.org/@bit%2femadadel999.mycollection.auth-form: Not found
      at Request.params.callback [as _callback] (/usr/share/yarn/lib/cli.js:66988:18)
      at Request.self.callback (/usr/share/yarn/lib/cli.js:140749:22)
      at Request.emit (events.js:314:20)
      at Request.<anonymous> (/usr/share/yarn/lib/cli.js:141721:10)
      at Request.emit (events.js:314:20)
      at IncomingMessage.<anonymous> (/usr/share/yarn/lib/cli.js:141643:12)
      at Object.onceWrapper (events.js:420:28)
      at IncomingMessage.emit (events.js:326:22)
      at endReadableNT (_stream_readable.js:1252:12)
      at processTicksAndRejections (internal/process/task_queues.js:80:21)

npm manifest: 
  {
    "name": "back-end",
    "version": "1.0.0",
    "description": "back end for myChatApp",
    "main": "index.js",
    "scripts": {
      "test": "echo \"Error: no test specified\" && exit 1"
    },
    "author": "Emad Adel",
    "license": "ISC",
    "dependencies": {
      "cors": "^2.8.5",
      "express": "^4.17.1",
      "express-validator": "^6.5.0",
      "mongoose": "^5.9.18",
      "socket.io": "^2.3.0"
    },
    "devDependencies": {
      "nodemon": "^2.0.4"
    }
  }

yarn manifest: 
  No manifest

Lockfile: 
  No lockfile
